<?xml version="1.0" encoding="UTF-8"?>
<testng-results ignored="0" total="2" passed="2" failed="0" skipped="0">
  <reporter-output>
  </reporter-output>
  <suite started-at="2024-11-29T13:02:01 IST" name="Suite" finished-at="2024-11-29T13:02:30 IST" duration-ms="29444">
    <groups>
    </groups>
    <test started-at="2024-11-29T13:02:01 IST" name="Test" finished-at="2024-11-29T13:02:30 IST" duration-ms="29444">
      <class name="pack.google">
        <test-method signature="Browser_Launch()[pri:0, instance:pack.google@47c64cfe]" started-at="2024-11-29T13:02:01 IST" name="Browser_Launch" finished-at="2024-11-29T13:02:26 IST" duration-ms="24625" status="PASS">
          <reporter-output>
          </reporter-output>
        </test-method> <!-- Browser_Launch -->
        <test-method signature="Open_Google()[pri:0, instance:pack.google@47c64cfe]" started-at="2024-11-29T13:02:26 IST" name="Open_Google" finished-at="2024-11-29T13:02:30 IST" duration-ms="4774" status="PASS">
          <reporter-output>
          </reporter-output>
        </test-method> <!-- Open_Google -->
      </class> <!-- pack.google -->
    </test> <!-- Test -->
  </suite> <!-- Suite -->
</testng-results>
