<?xml version="1.0" encoding="UTF-8"?>
<testng-results ignored="0" total="2" passed="2" failed="0" skipped="0">
  <reporter-output>
  </reporter-output>
  <suite started-at="2024-11-29T13:25:36 IST" name="Default suite" finished-at="2024-11-29T13:27:05 IST" duration-ms="89103">
    <groups>
    </groups>
    <test started-at="2024-11-29T13:25:36 IST" name="Default test" finished-at="2024-11-29T13:27:05 IST" duration-ms="89103">
      <class name="pack.google">
        <test-method signature="Browser_Launch()[pri:0, instance:pack.google@682c1e93]" started-at="2024-11-29T13:25:36 IST" name="Browser_Launch" finished-at="2024-11-29T13:27:02 IST" duration-ms="85874" status="PASS">
          <reporter-output>
          </reporter-output>
        </test-method> <!-- Browser_Launch -->
        <test-method signature="Open_Google()[pri:0, instance:pack.google@682c1e93]" started-at="2024-11-29T13:27:02 IST" name="Open_Google" finished-at="2024-11-29T13:27:05 IST" duration-ms="3161" status="PASS">
          <reporter-output>
          </reporter-output>
        </test-method> <!-- Open_Google -->
      </class> <!-- pack.google -->
    </test> <!-- Default test -->
  </suite> <!-- Default suite -->
</testng-results>
